-- The C compiler identification is GNU 11.4.0
-- The CXX compiler identification is GNU 11.4.0
-- Detecting C compiler ABI info
-- Detecting C compiler ABI info - done
-- Check for working C compiler: /usr/bin/cc - skipped
-- Detecting C compile features
-- Detecting C compile features - done
-- Detecting CXX compiler ABI info
-- Detecting CXX compiler ABI info - done
-- Check for working CXX compiler: /usr/bin/c++ - skipped
-- Detecting CXX compile features
-- Detecting CXX compile features - done
-- Found ament_cmake: 1.3.11 (/opt/ros/humble/share/ament_cmake/cmake)
-- Found Python3: /usr/bin/python3 (found version "3.10.12") found components: Interpreter 
-- Found rclcpp: 16.0.11 (/opt/ros/humble/share/rclcpp/cmake)
-- Found rosidl_generator_c: 3.1.6 (/opt/ros/humble/share/rosidl_generator_c/cmake)
-- Found rosidl_adapter: 3.1.6 (/opt/ros/humble/share/rosidl_adapter/cmake)
-- Found rosidl_generator_cpp: 3.1.6 (/opt/ros/humble/share/rosidl_generator_cpp/cmake)
-- Using all available rosidl_typesupport_c: rosidl_typesupport_fastrtps_c;rosidl_typesupport_introspection_c
-- Using all available rosidl_typesupport_cpp: rosidl_typesupport_fastrtps_cpp;rosidl_typesupport_introspection_cpp
-- Found rmw_implementation_cmake: 6.1.2 (/opt/ros/humble/share/rmw_implementation_cmake/cmake)
-- Found rmw_fastrtps_cpp: 6.2.7 (/opt/ros/humble/share/rmw_fastrtps_cpp/cmake)
-- Found OpenSSL: /usr/lib/x86_64-linux-gnu/libcrypto.so (found version "3.0.2")  
-- Found FastRTPS: /opt/ros/humble/include  
-- Using RMW implementation 'rmw_fastrtps_cpp' as default
-- Looking for pthread.h
-- Looking for pthread.h - found
-- Performing Test CMAKE_HAVE_LIBC_PTHREAD
-- Performing Test CMAKE_HAVE_LIBC_PTHREAD - Success
-- Found Threads: TRUE  
-- Found geometry_msgs: 4.2.4 (/opt/ros/humble/share/geometry_msgs/cmake)
-- Found sensor_msgs: 4.2.4 (/opt/ros/humble/share/sensor_msgs/cmake)
-- Found tf2: 0.25.11 (/opt/ros/humble/share/tf2/cmake)
-- Found tf2_ros: 0.25.11 (/opt/ros/humble/share/tf2_ros/cmake)
-- Found tf2_geometry_msgs: 0.25.11 (/opt/ros/humble/share/tf2_geometry_msgs/cmake)
-- Found eigen3_cmake_module: 0.1.1 (/opt/ros/humble/share/eigen3_cmake_module/cmake)
-- Found Eigen3: TRUE (found version "3.4.0") 
-- Ensuring Eigen3 include directory is part of orocos-kdl CMake target
-- Found ament_lint_auto: 0.12.11 (/opt/ros/humble/share/ament_lint_auto/cmake)
WARNING: Package name "turtlebot3_Project01" does not follow the naming conventions. It should start with a lower case letter and only contain lower case letters, digits, underscores, and dashes.
-- Added test 'cpplint' to check C / C++ code against the Google style
-- Configured cpplint exclude dirs and/or files: 
-- Added test 'copyright' to check source files copyright and LICENSE
-- Configuring done
-- Generating done
-- Build files have been written to: /root/ros2_ws/src/turtlebot3_ws/src/turtlebot3_Project01/build/turtlebot3_Project01
[ 50%] [32mBuilding CXX object CMakeFiles/navigate_to_tf_target_node.dir/src/navigate_to_tf_target_node.cpp.o[0m
[ 50%] [32mBuilding CXX object CMakeFiles/input_target_tf_node.dir/src/input_target_tf_node.cpp.o[0m
[01m[K/root/ros2_ws/src/turtlebot3_ws/src/turtlebot3_Project01/src/navigate_to_tf_target_node.cpp:[m[K In member function â€˜[01m[Kvoid NavigateToTFTargetNode::controlLoop()[m[Kâ€™:
[01m[K/root/ros2_ws/src/turtlebot3_ws/src/turtlebot3_Project01/src/navigate_to_tf_target_node.cpp:71:12:[m[K [01;31m[Kerror: [m[Kexpected â€˜[01m[K([m[Kâ€™ before â€˜[01m[K![m[Kâ€™ token
   71 |         if [01;31m[K![m[Kupdate_target_and_robot_pose();{
      |            [01;31m[K^[m[K
In file included from [01m[K/opt/ros/humble/include/rclcpp/rclcpp/logging.hpp:24[m[K,
                 from [01m[K/opt/ros/humble/include/rclcpp/rclcpp/client.hpp:40[m[K,
                 from [01m[K/opt/ros/humble/include/rclcpp/rclcpp/callback_group.hpp:24[m[K,
                 from [01m[K/opt/ros/humble/include/rclcpp/rclcpp/any_executable.hpp:20[m[K,
                 from [01m[K/opt/ros/humble/include/rclcpp/rclcpp/memory_strategy.hpp:25[m[K,
                 from [01m[K/opt/ros/humble/include/rclcpp/rclcpp/memory_strategies.hpp:18[m[K,
                 from [01m[K/opt/ros/humble/include/rclcpp/rclcpp/executor_options.hpp:20[m[K,
                 from [01m[K/opt/ros/humble/include/rclcpp/rclcpp/executor.hpp:37[m[K,
                 from [01m[K/opt/ros/humble/include/rclcpp/rclcpp/executors/multi_threaded_executor.hpp:25[m[K,
                 from [01m[K/opt/ros/humble/include/rclcpp/rclcpp/executors.hpp:21[m[K,
                 from [01m[K/opt/ros/humble/include/rclcpp/rclcpp/rclcpp.hpp:155[m[K,
                 from [01m[K/root/ros2_ws/src/turtlebot3_ws/src/turtlebot3_Project01/src/navigate_to_tf_target_node.cpp:7[m[K:
[01m[K/root/ros2_ws/src/turtlebot3_ws/src/turtlebot3_Project01/src/navigate_to_tf_target_node.cpp:72:99:[m[K [01;31m[Kerror: [m[Kâ€˜[01m[Kex[m[Kâ€™ was not declared in this scope; did you mean â€˜[01m[Kexp[m[Kâ€™?
   72 |             RCLCPP_WARN_THROTTLE(this->get_logger(), *this->get_clock(), 2000, "bad TF data: %s", [01;31m[Kex[m[K.what());
      |                                                                                                   [01;31m[K^~[m[K
[01m[K/root/ros2_ws/src/turtlebot3_ws/src/turtlebot3_Project01/src/navigate_to_tf_target_node.cpp:[m[K In member function â€˜[01m[Kvoid NavigateToTFTargetNode::rotate_then_move_to_target(double, double, double, double, double)[m[Kâ€™:
[01m[K/root/ros2_ws/src/turtlebot3_ws/src/turtlebot3_Project01/src/navigate_to_tf_target_node.cpp:88:48:[m[K [01;31m[Kerror: [m[Kâ€˜[01m[Kyaw[m[Kâ€™ was not declared in this scope
   88 |         double angle_error = angle_to_target - [01;31m[Kyaw[m[K;
      |                                                [01;31m[K^~~[m[K
[ 75%] [32m[1mLinking CXX executable input_target_tf_node[0m
[ 75%] Built target input_target_tf_node
gmake[2]: *** [CMakeFiles/navigate_to_tf_target_node.dir/build.make:76: CMakeFiles/navigate_to_tf_target_node.dir/src/navigate_to_tf_target_node.cpp.o] Error 1
gmake[1]: *** [CMakeFiles/Makefile2:139: CMakeFiles/navigate_to_tf_target_node.dir/all] Error 2
gmake: *** [Makefile:146: all] Error 2
