[0.025s] Invoking command in '/root/ros2_ws/src/turtlebot3_ws/src/turtlebot3_Project01/build/turtlebot3_Project01': CMAKE_PREFIX_PATH=${CMAKE_PREFIX_PATH}:/root/ros2_ws/install/turtlebot3_teleop:/root/ros2_ws/install/turtlebot3_example:/root/ros2_ws/install/my_turtlebot_config:/opt/ros/humble /usr/bin/cmake /root/ros2_ws/src/turtlebot3_ws/src/turtlebot3_Project01 -DCMAKE_INSTALL_PREFIX=/root/ros2_ws/src/turtlebot3_ws/src/turtlebot3_Project01/install/turtlebot3_Project01
[0.291s] -- The C compiler identification is GNU 11.4.0
[0.708s] -- The CXX compiler identification is GNU 11.4.0
[0.926s] -- Detecting C compiler ABI info
[1.055s] -- Detecting C compiler ABI info - done
[1.061s] -- Check for working C compiler: /usr/bin/cc - skipped
[1.062s] -- Detecting C compile features
[1.064s] -- Detecting C compile features - done
[1.068s] -- Detecting CXX compiler ABI info
[1.200s] -- Detecting CXX compiler ABI info - done
[1.206s] -- Check for working CXX compiler: /usr/bin/c++ - skipped
[1.206s] -- Detecting CXX compile features
[1.206s] -- Detecting CXX compile features - done
[1.234s] -- Found ament_cmake: 1.3.11 (/opt/ros/humble/share/ament_cmake/cmake)
[1.381s] -- Found Python3: /usr/bin/python3 (found version "3.10.12") found components: Interpreter 
[1.535s] -- Found rclcpp: 16.0.11 (/opt/ros/humble/share/rclcpp/cmake)
[1.701s] -- Found rosidl_generator_c: 3.1.6 (/opt/ros/humble/share/rosidl_generator_c/cmake)
[1.711s] -- Found rosidl_adapter: 3.1.6 (/opt/ros/humble/share/rosidl_adapter/cmake)
[1.730s] -- Found rosidl_generator_cpp: 3.1.6 (/opt/ros/humble/share/rosidl_generator_cpp/cmake)
[1.760s] -- Using all available rosidl_typesupport_c: rosidl_typesupport_fastrtps_c;rosidl_typesupport_introspection_c
[1.791s] -- Using all available rosidl_typesupport_cpp: rosidl_typesupport_fastrtps_cpp;rosidl_typesupport_introspection_cpp
[1.886s] -- Found rmw_implementation_cmake: 6.1.2 (/opt/ros/humble/share/rmw_implementation_cmake/cmake)
[1.890s] -- Found rmw_fastrtps_cpp: 6.2.7 (/opt/ros/humble/share/rmw_fastrtps_cpp/cmake)
[3.118s] -- Found OpenSSL: /usr/lib/x86_64-linux-gnu/libcrypto.so (found version "3.0.2")  
[4.057s] -- Found FastRTPS: /opt/ros/humble/include  
[5.616s] -- Using RMW implementation 'rmw_fastrtps_cpp' as default
[5.634s] -- Looking for pthread.h
[5.760s] -- Looking for pthread.h - found
[5.761s] -- Performing Test CMAKE_HAVE_LIBC_PTHREAD
[5.922s] -- Performing Test CMAKE_HAVE_LIBC_PTHREAD - Success
[5.923s] -- Found Threads: TRUE  
[6.017s] -- Found geometry_msgs: 4.2.4 (/opt/ros/humble/share/geometry_msgs/cmake)
[6.051s] -- Found sensor_msgs: 4.2.4 (/opt/ros/humble/share/sensor_msgs/cmake)
[6.087s] -- Found tf2: 0.25.11 (/opt/ros/humble/share/tf2/cmake)
[6.102s] -- Found tf2_ros: 0.25.11 (/opt/ros/humble/share/tf2_ros/cmake)
[6.249s] -- Found tf2_geometry_msgs: 0.25.11 (/opt/ros/humble/share/tf2_geometry_msgs/cmake)
[6.304s] -- Found eigen3_cmake_module: 0.1.1 (/opt/ros/humble/share/eigen3_cmake_module/cmake)
[6.305s] -- Found Eigen3: TRUE (found version "3.4.0") 
[6.305s] -- Ensuring Eigen3 include directory is part of orocos-kdl CMake target
[6.314s] -- Found ament_lint_auto: 0.12.11 (/opt/ros/humble/share/ament_lint_auto/cmake)
[6.363s] WARNING: Package name "turtlebot3_Project01" does not follow the naming conventions. It should start with a lower case letter and only contain lower case letters, digits, underscores, and dashes.
[6.413s] -- Added test 'cpplint' to check C / C++ code against the Google style
[6.413s] -- Configured cpplint exclude dirs and/or files: 
[6.413s] -- Added test 'copyright' to check source files copyright and LICENSE
[6.416s] -- Configuring done
[6.434s] -- Generating done
[6.441s] -- Build files have been written to: /root/ros2_ws/src/turtlebot3_ws/src/turtlebot3_Project01/build/turtlebot3_Project01
[6.451s] Invoked command in '/root/ros2_ws/src/turtlebot3_ws/src/turtlebot3_Project01/build/turtlebot3_Project01' returned '0': CMAKE_PREFIX_PATH=${CMAKE_PREFIX_PATH}:/root/ros2_ws/install/turtlebot3_teleop:/root/ros2_ws/install/turtlebot3_example:/root/ros2_ws/install/my_turtlebot_config:/opt/ros/humble /usr/bin/cmake /root/ros2_ws/src/turtlebot3_ws/src/turtlebot3_Project01 -DCMAKE_INSTALL_PREFIX=/root/ros2_ws/src/turtlebot3_ws/src/turtlebot3_Project01/install/turtlebot3_Project01
[6.454s] Invoking command in '/root/ros2_ws/src/turtlebot3_ws/src/turtlebot3_Project01/build/turtlebot3_Project01': CMAKE_PREFIX_PATH=${CMAKE_PREFIX_PATH}:/root/ros2_ws/install/turtlebot3_teleop:/root/ros2_ws/install/turtlebot3_example:/root/ros2_ws/install/my_turtlebot_config:/opt/ros/humble /usr/bin/cmake --build /root/ros2_ws/src/turtlebot3_ws/src/turtlebot3_Project01/build/turtlebot3_Project01 -- -j8 -l8
[6.499s] [ 50%] [32mBuilding CXX object CMakeFiles/navigate_to_tf_target_node.dir/src/navigate_to_tf_target_node.cpp.o[0m
[6.499s] [ 50%] [32mBuilding CXX object CMakeFiles/input_target_tf_node.dir/src/input_target_tf_node.cpp.o[0m
[10.261s] [01m[K/root/ros2_ws/src/turtlebot3_ws/src/turtlebot3_Project01/src/navigate_to_tf_target_node.cpp:[m[K In member function â€˜[01m[Kvoid NavigateToTFTargetNode::controlLoop()[m[Kâ€™:
[10.261s] [01m[K/root/ros2_ws/src/turtlebot3_ws/src/turtlebot3_Project01/src/navigate_to_tf_target_node.cpp:71:12:[m[K [01;31m[Kerror: [m[Kexpected â€˜[01m[K([m[Kâ€™ before â€˜[01m[K![m[Kâ€™ token
[10.261s]    71 |         if [01;31m[K![m[Kupdate_target_and_robot_pose();{
[10.261s]       |            [01;31m[K^[m[K
[10.270s] In file included from [01m[K/opt/ros/humble/include/rclcpp/rclcpp/logging.hpp:24[m[K,
[10.270s]                  from [01m[K/opt/ros/humble/include/rclcpp/rclcpp/client.hpp:40[m[K,
[10.270s]                  from [01m[K/opt/ros/humble/include/rclcpp/rclcpp/callback_group.hpp:24[m[K,
[10.270s]                  from [01m[K/opt/ros/humble/include/rclcpp/rclcpp/any_executable.hpp:20[m[K,
[10.270s]                  from [01m[K/opt/ros/humble/include/rclcpp/rclcpp/memory_strategy.hpp:25[m[K,
[10.270s]                  from [01m[K/opt/ros/humble/include/rclcpp/rclcpp/memory_strategies.hpp:18[m[K,
[10.270s]                  from [01m[K/opt/ros/humble/include/rclcpp/rclcpp/executor_options.hpp:20[m[K,
[10.270s]                  from [01m[K/opt/ros/humble/include/rclcpp/rclcpp/executor.hpp:37[m[K,
[10.270s]                  from [01m[K/opt/ros/humble/include/rclcpp/rclcpp/executors/multi_threaded_executor.hpp:25[m[K,
[10.270s]                  from [01m[K/opt/ros/humble/include/rclcpp/rclcpp/executors.hpp:21[m[K,
[10.271s]                  from [01m[K/opt/ros/humble/include/rclcpp/rclcpp/rclcpp.hpp:155[m[K,
[10.271s]                  from [01m[K/root/ros2_ws/src/turtlebot3_ws/src/turtlebot3_Project01/src/navigate_to_tf_target_node.cpp:7[m[K:
[10.271s] [01m[K/root/ros2_ws/src/turtlebot3_ws/src/turtlebot3_Project01/src/navigate_to_tf_target_node.cpp:72:99:[m[K [01;31m[Kerror: [m[Kâ€˜[01m[Kex[m[Kâ€™ was not declared in this scope; did you mean â€˜[01m[Kexp[m[Kâ€™?
[10.271s]    72 |             RCLCPP_WARN_THROTTLE(this->get_logger(), *this->get_clock(), 2000, "bad TF data: %s", [01;31m[Kex[m[K.what());
[10.271s]       |                                                                                                   [01;31m[K^~[m[K
[10.275s] [01m[K/root/ros2_ws/src/turtlebot3_ws/src/turtlebot3_Project01/src/navigate_to_tf_target_node.cpp:[m[K In member function â€˜[01m[Kvoid NavigateToTFTargetNode::rotate_then_move_to_target(double, double, double, double, double)[m[Kâ€™:
[10.275s] [01m[K/root/ros2_ws/src/turtlebot3_ws/src/turtlebot3_Project01/src/navigate_to_tf_target_node.cpp:88:48:[m[K [01;31m[Kerror: [m[Kâ€˜[01m[Kyaw[m[Kâ€™ was not declared in this scope
[10.275s]    88 |         double angle_error = angle_to_target - [01;31m[Kyaw[m[K;
[10.275s]       |                                                [01;31m[K^~~[m[K
[11.751s] [ 75%] [32m[1mLinking CXX executable input_target_tf_node[0m
[12.076s] [ 75%] Built target input_target_tf_node
[13.080s] gmake[2]: *** [CMakeFiles/navigate_to_tf_target_node.dir/build.make:76: CMakeFiles/navigate_to_tf_target_node.dir/src/navigate_to_tf_target_node.cpp.o] Error 1
[13.081s] gmake[1]: *** [CMakeFiles/Makefile2:139: CMakeFiles/navigate_to_tf_target_node.dir/all] Error 2
[13.081s] gmake: *** [Makefile:146: all] Error 2
[13.084s] Invoked command in '/root/ros2_ws/src/turtlebot3_ws/src/turtlebot3_Project01/build/turtlebot3_Project01' returned '2': CMAKE_PREFIX_PATH=${CMAKE_PREFIX_PATH}:/root/ros2_ws/install/turtlebot3_teleop:/root/ros2_ws/install/turtlebot3_example:/root/ros2_ws/install/my_turtlebot_config:/opt/ros/humble /usr/bin/cmake --build /root/ros2_ws/src/turtlebot3_ws/src/turtlebot3_Project01/build/turtlebot3_Project01 -- -j8 -l8
