[0.055s] Invoking command in '/root/ros2_ws/src/turtlebot3_ws/src/turtlebot3_Project01/build/turtlebot3_Project01': CMAKE_PREFIX_PATH=${CMAKE_PREFIX_PATH}:/root/ros2_ws/install/turtlebot3_teleop:/root/ros2_ws/install/turtlebot3_example:/root/ros2_ws/install/my_turtlebot_config:/opt/ros/humble /usr/bin/cmake --build /root/ros2_ws/src/turtlebot3_ws/src/turtlebot3_Project01/build/turtlebot3_Project01 -- -j8 -l8
[0.176s] [35m[1mConsolidate compiler generated dependencies of target navigate_to_tf_target_node[0m
[0.219s] [ 50%] Built target input_target_tf_node
[0.244s] [ 75%] [32mBuilding CXX object CMakeFiles/navigate_to_tf_target_node.dir/src/navigate_to_tf_target_node.cpp.o[0m
[6.076s] [01m[K/root/ros2_ws/src/turtlebot3_ws/src/turtlebot3_Project01/src/navigate_to_tf_target_node.cpp:69:10:[m[K [01;31m[Kerror: [m[Kuse of enum â€˜[01m[KMOVE_STATE[m[Kâ€™ without previous declaration
[6.076s]    69 |     enum [01;31m[KMOVE_STATE[m[K(GO_TO_TARGET, TBD);
[6.076s]       |          [01;31m[K^~~~~~~~~~[m[K
[6.076s] [01m[K/root/ros2_ws/src/turtlebot3_ws/src/turtlebot3_Project01/src/navigate_to_tf_target_node.cpp:69:33:[m[K [01;31m[Kerror: [m[Kexpected â€˜[01m[K)[m[Kâ€™ before â€˜[01m[K,[m[Kâ€™ token
[6.076s]    69 |     enum MOVE_STATE[34m[K([m[KGO_TO_TARGET[01;31m[K,[m[K TBD);
[6.076s]       |                    [34m[K~[m[K            [01;31m[K^[m[K
[6.076s]       |                                 [32m[K)[m[K
[6.080s] [01m[K/root/ros2_ws/src/turtlebot3_ws/src/turtlebot3_Project01/src/navigate_to_tf_target_node.cpp:70:5:[m[K [01;31m[Kerror: [m[Kâ€˜[01m[KMOVE_STATE[m[Kâ€™ does not name a type
[6.080s]    70 |     [01;31m[KMOVE_STATE[m[K  move_state;
[6.080s]       |     [01;31m[K^~~~~~~~~~[m[K
[6.238s] [01m[K/root/ros2_ws/src/turtlebot3_ws/src/turtlebot3_Project01/src/navigate_to_tf_target_node.cpp:[m[K In member function â€˜[01m[Kvoid NavigateToTFTargetNode::controlLoop()[m[Kâ€™:
[6.238s] [01m[K/root/ros2_ws/src/turtlebot3_ws/src/turtlebot3_Project01/src/navigate_to_tf_target_node.cpp:78:17:[m[K [01;31m[Kerror: [m[Kâ€˜[01m[Kmove_state[m[Kâ€™ was not declared in this scope; did you mean â€˜[01m[Ksetstate[m[Kâ€™?
[6.238s]    78 |         switch ([01;31m[Kmove_state[m[K){
[6.238s]       |                 [01;31m[K^~~~~~~~~~[m[K
[6.238s]       |                 [32m[Ksetstate[m[K
[6.255s] [01m[K/root/ros2_ws/src/turtlebot3_ws/src/turtlebot3_Project01/src/navigate_to_tf_target_node.cpp:80:18:[m[K [01;31m[Kerror: [m[Kâ€˜[01m[KGO_TO_TARGET[m[Kâ€™ was not declared in this scope
[6.255s]    80 |             case [01;31m[KGO_TO_TARGET[m[K:
[6.255s]       |                  [01;31m[K^~~~~~~~~~~~[m[K
[6.263s] [01m[K/root/ros2_ws/src/turtlebot3_ws/src/turtlebot3_Project01/src/navigate_to_tf_target_node.cpp:84:18:[m[K [01;31m[Kerror: [m[Kâ€˜[01m[KTBD[m[Kâ€™ was not declared in this scope
[6.263s]    84 |             case [01;31m[KTBD[m[K:
[6.264s]       |                  [01;31m[K^~~[m[K
[6.264s] [01m[K/root/ros2_ws/src/turtlebot3_ws/src/turtlebot3_Project01/src/navigate_to_tf_target_node.cpp:89:9:[m[K [01;31m[Kerror: [m[Kexpected primary-expression before â€˜[01m[K}[m[Kâ€™ token
[6.264s]    89 |         [01;31m[K}[m[K
[6.264s]       |         [01;31m[K^[m[K
[11.576s] gmake[2]: *** [CMakeFiles/navigate_to_tf_target_node.dir/build.make:76: CMakeFiles/navigate_to_tf_target_node.dir/src/navigate_to_tf_target_node.cpp.o] Error 1
[11.576s] gmake[1]: *** [CMakeFiles/Makefile2:139: CMakeFiles/navigate_to_tf_target_node.dir/all] Error 2
[11.576s] gmake: *** [Makefile:146: all] Error 2
[11.579s] Invoked command in '/root/ros2_ws/src/turtlebot3_ws/src/turtlebot3_Project01/build/turtlebot3_Project01' returned '2': CMAKE_PREFIX_PATH=${CMAKE_PREFIX_PATH}:/root/ros2_ws/install/turtlebot3_teleop:/root/ros2_ws/install/turtlebot3_example:/root/ros2_ws/install/my_turtlebot_config:/opt/ros/humble /usr/bin/cmake --build /root/ros2_ws/src/turtlebot3_ws/src/turtlebot3_Project01/build/turtlebot3_Project01 -- -j8 -l8
