[0.022s] Invoking command in '/root/ros2_ws/src/turtlebot3_ws/src/turtlebot3_Project01/build/turtlebot3_Project01': CMAKE_PREFIX_PATH=${CMAKE_PREFIX_PATH}:/root/ros2_ws/install/turtlebot3_teleop:/root/ros2_ws/install/turtlebot3_example:/root/ros2_ws/install/my_turtlebot_config:/opt/ros/humble /usr/bin/cmake --build /root/ros2_ws/src/turtlebot3_ws/src/turtlebot3_Project01/build/turtlebot3_Project01 -- -j8 -l8
[0.076s] [35m[1mConsolidate compiler generated dependencies of target navigate_to_tf_target_node[0m
[0.094s] [ 50%] Built target input_target_tf_node
[0.109s] [ 75%] [32mBuilding CXX object CMakeFiles/navigate_to_tf_target_node.dir/src/navigate_to_tf_target_node.cpp.o[0m
[4.643s] [01m[K/root/ros2_ws/src/turtlebot3_ws/src/turtlebot3_Project01/src/navigate_to_tf_target_node.cpp:69:10:[m[K [01;31m[Kerror: [m[Kuse of enum â€˜[01m[KMOVE_STATE[m[Kâ€™ without previous declaration
[4.644s]    69 |     enum [01;31m[KMOVE_STATE[m[K(GO_TO_TARGET);
[4.644s]       |          [01;31m[K^~~~~~~~~~[m[K
[4.655s] [01m[K/root/ros2_ws/src/turtlebot3_ws/src/turtlebot3_Project01/src/navigate_to_tf_target_node.cpp:70:5:[m[K [01;31m[Kerror: [m[Kâ€˜[01m[KMOVE_STATE[m[Kâ€™ does not name a type
[4.655s]    70 |     [01;31m[KMOVE_STATE[m[K  move_state;
[4.655s]       |     [01;31m[K^~~~~~~~~~[m[K
[4.850s] [01m[K/root/ros2_ws/src/turtlebot3_ws/src/turtlebot3_Project01/src/navigate_to_tf_target_node.cpp:[m[K In member function â€˜[01m[Kvoid NavigateToTFTargetNode::controlLoop()[m[Kâ€™:
[4.850s] [01m[K/root/ros2_ws/src/turtlebot3_ws/src/turtlebot3_Project01/src/navigate_to_tf_target_node.cpp:78:17:[m[K [01;31m[Kerror: [m[Kâ€˜[01m[Kmove_state[m[Kâ€™ was not declared in this scope; did you mean â€˜[01m[Ksetstate[m[Kâ€™?
[4.850s]    78 |         switch ([01;31m[Kmove_state[m[K){
[4.850s]       |                 [01;31m[K^~~~~~~~~~[m[K
[4.850s]       |                 [32m[Ksetstate[m[K
[4.850s] [01m[K/root/ros2_ws/src/turtlebot3_ws/src/turtlebot3_Project01/src/navigate_to_tf_target_node.cpp:80:18:[m[K [01;31m[Kerror: [m[Kuse of â€˜[01m[Kthis[m[Kâ€™ in a constant expression
[4.850s]    80 |             case [01;31m[KGO_TO_TARGET[m[K:
[4.850s]       |                  [01;31m[K^~~~~~~~~~~~[m[K
[4.851s] [01m[K/root/ros2_ws/src/turtlebot3_ws/src/turtlebot3_Project01/src/navigate_to_tf_target_node.cpp:86:9:[m[K [01;31m[Kerror: [m[Kexpected primary-expression before â€˜[01m[K}[m[Kâ€™ token
[4.851s]    86 |         [01;31m[K}[m[K
[4.851s]       |         [01;31m[K^[m[K
[10.822s] gmake[2]: *** [CMakeFiles/navigate_to_tf_target_node.dir/build.make:76: CMakeFiles/navigate_to_tf_target_node.dir/src/navigate_to_tf_target_node.cpp.o] Error 1
[10.823s] gmake[1]: *** [CMakeFiles/Makefile2:139: CMakeFiles/navigate_to_tf_target_node.dir/all] Error 2
[10.823s] gmake: *** [Makefile:146: all] Error 2
[10.829s] Invoked command in '/root/ros2_ws/src/turtlebot3_ws/src/turtlebot3_Project01/build/turtlebot3_Project01' returned '2': CMAKE_PREFIX_PATH=${CMAKE_PREFIX_PATH}:/root/ros2_ws/install/turtlebot3_teleop:/root/ros2_ws/install/turtlebot3_example:/root/ros2_ws/install/my_turtlebot_config:/opt/ros/humble /usr/bin/cmake --build /root/ros2_ws/src/turtlebot3_ws/src/turtlebot3_Project01/build/turtlebot3_Project01 -- -j8 -l8
