[01m[K/root/ros2_ws/src/turtlebot3_ws/src/turtlebot3_Project01/src/navigate_to_tf_target_node.cpp:69:10:[m[K [01;31m[Kerror: [m[Kuse of enum â€˜[01m[KmoveState[m[Kâ€™ without previous declaration
   69 |     enum [01;31m[KmoveState[m[K(GO_TO_TARGET, TBD);
      |          [01;31m[K^~~~~~~~~[m[K
[01m[K/root/ros2_ws/src/turtlebot3_ws/src/turtlebot3_Project01/src/navigate_to_tf_target_node.cpp:69:32:[m[K [01;31m[Kerror: [m[Kexpected â€˜[01m[K)[m[Kâ€™ before â€˜[01m[K,[m[Kâ€™ token
   69 |     enum moveState[34m[K([m[KGO_TO_TARGET[01;31m[K,[m[K TBD);
      |                   [34m[K~[m[K            [01;31m[K^[m[K
      |                                [32m[K)[m[K
[01m[K/root/ros2_ws/src/turtlebot3_ws/src/turtlebot3_Project01/src/navigate_to_tf_target_node.cpp:70:5:[m[K [01;31m[Kerror: [m[Kâ€˜[01m[KmoveState[m[Kâ€™ does not name a type
   70 |     [01;31m[KmoveState[m[K  move_state;
      |     [01;31m[K^~~~~~~~~[m[K
[01m[K/root/ros2_ws/src/turtlebot3_ws/src/turtlebot3_Project01/src/navigate_to_tf_target_node.cpp:[m[K In member function â€˜[01m[Kvoid NavigateToTFTargetNode::controlLoop()[m[Kâ€™:
[01m[K/root/ros2_ws/src/turtlebot3_ws/src/turtlebot3_Project01/src/navigate_to_tf_target_node.cpp:78:17:[m[K [01;31m[Kerror: [m[Kâ€˜[01m[Kmove_state[m[Kâ€™ was not declared in this scope; did you mean â€˜[01m[Ksetstate[m[Kâ€™?
   78 |         switch ([01;31m[Kmove_state[m[K){
      |                 [01;31m[K^~~~~~~~~~[m[K
      |                 [32m[Ksetstate[m[K
[01m[K/root/ros2_ws/src/turtlebot3_ws/src/turtlebot3_Project01/src/navigate_to_tf_target_node.cpp:80:18:[m[K [01;31m[Kerror: [m[Kâ€˜[01m[KGO_TO_TARGET[m[Kâ€™ was not declared in this scope
   80 |             case [01;31m[KGO_TO_TARGET[m[K:
      |                  [01;31m[K^~~~~~~~~~~~[m[K
[01m[K/root/ros2_ws/src/turtlebot3_ws/src/turtlebot3_Project01/src/navigate_to_tf_target_node.cpp:84:18:[m[K [01;31m[Kerror: [m[Kâ€˜[01m[KTBD[m[Kâ€™ was not declared in this scope
   84 |             case [01;31m[KTBD[m[K:
      |                  [01;31m[K^~~[m[K
[01m[K/root/ros2_ws/src/turtlebot3_ws/src/turtlebot3_Project01/src/navigate_to_tf_target_node.cpp:89:9:[m[K [01;31m[Kerror: [m[Kexpected primary-expression before â€˜[01m[K}[m[Kâ€™ token
   89 |         [01;31m[K}[m[K
      |         [01;31m[K^[m[K
gmake[2]: *** [CMakeFiles/navigate_to_tf_target_node.dir/build.make:76: CMakeFiles/navigate_to_tf_target_node.dir/src/navigate_to_tf_target_node.cpp.o] Error 1
gmake[1]: *** [CMakeFiles/Makefile2:139: CMakeFiles/navigate_to_tf_target_node.dir/all] Error 2
gmake: *** [Makefile:146: all] Error 2
