[0.031s] Invoking command in '/root/ros2_ws/src/turtlebot3_ws/src/turtlebot3_Project01/build/turtlebot3_Project01': CMAKE_PREFIX_PATH=${CMAKE_PREFIX_PATH}:/root/ros2_ws/install/turtlebot3_teleop:/root/ros2_ws/install/turtlebot3_example:/root/ros2_ws/install/my_turtlebot_config:/opt/ros/humble /usr/bin/cmake --build /root/ros2_ws/src/turtlebot3_ws/src/turtlebot3_Project01/build/turtlebot3_Project01 -- -j8 -l8
[0.090s] [35m[1mConsolidate compiler generated dependencies of target navigate_to_tf_target_node[0m
[0.111s] [ 50%] Built target input_target_tf_node
[0.123s] [ 75%] [32mBuilding CXX object CMakeFiles/navigate_to_tf_target_node.dir/src/navigate_to_tf_target_node.cpp.o[0m
[4.700s] [01m[K/root/ros2_ws/src/turtlebot3_ws/src/turtlebot3_Project01/src/navigate_to_tf_target_node.cpp:69:10:[m[K [01;31m[Kerror: [m[Kuse of enum â€˜[01m[KmoveState[m[Kâ€™ without previous declaration
[4.700s]    69 |     enum [01;31m[KmoveState[m[K(GO_TO_TARGET, TBD);
[4.701s]       |          [01;31m[K^~~~~~~~~[m[K
[4.701s] [01m[K/root/ros2_ws/src/turtlebot3_ws/src/turtlebot3_Project01/src/navigate_to_tf_target_node.cpp:69:32:[m[K [01;31m[Kerror: [m[Kexpected â€˜[01m[K)[m[Kâ€™ before â€˜[01m[K,[m[Kâ€™ token
[4.701s]    69 |     enum moveState[34m[K([m[KGO_TO_TARGET[01;31m[K,[m[K TBD);
[4.701s]       |                   [34m[K~[m[K            [01;31m[K^[m[K
[4.701s]       |                                [32m[K)[m[K
[4.704s] [01m[K/root/ros2_ws/src/turtlebot3_ws/src/turtlebot3_Project01/src/navigate_to_tf_target_node.cpp:70:5:[m[K [01;31m[Kerror: [m[Kâ€˜[01m[KmoveState[m[Kâ€™ does not name a type
[4.704s]    70 |     [01;31m[KmoveState[m[K  move_state;
[4.704s]       |     [01;31m[K^~~~~~~~~[m[K
[4.843s] [01m[K/root/ros2_ws/src/turtlebot3_ws/src/turtlebot3_Project01/src/navigate_to_tf_target_node.cpp:[m[K In member function â€˜[01m[Kvoid NavigateToTFTargetNode::controlLoop()[m[Kâ€™:
[4.843s] [01m[K/root/ros2_ws/src/turtlebot3_ws/src/turtlebot3_Project01/src/navigate_to_tf_target_node.cpp:78:17:[m[K [01;31m[Kerror: [m[Kâ€˜[01m[Kmove_state[m[Kâ€™ was not declared in this scope; did you mean â€˜[01m[Ksetstate[m[Kâ€™?
[4.843s]    78 |         switch ([01;31m[Kmove_state[m[K){
[4.844s]       |                 [01;31m[K^~~~~~~~~~[m[K
[4.844s]       |                 [32m[Ksetstate[m[K
[4.857s] [01m[K/root/ros2_ws/src/turtlebot3_ws/src/turtlebot3_Project01/src/navigate_to_tf_target_node.cpp:80:18:[m[K [01;31m[Kerror: [m[Kâ€˜[01m[KGO_TO_TARGET[m[Kâ€™ was not declared in this scope
[4.857s]    80 |             case [01;31m[KGO_TO_TARGET[m[K:
[4.857s]       |                  [01;31m[K^~~~~~~~~~~~[m[K
[4.867s] [01m[K/root/ros2_ws/src/turtlebot3_ws/src/turtlebot3_Project01/src/navigate_to_tf_target_node.cpp:84:18:[m[K [01;31m[Kerror: [m[Kâ€˜[01m[KTBD[m[Kâ€™ was not declared in this scope
[4.867s]    84 |             case [01;31m[KTBD[m[K:
[4.867s]       |                  [01;31m[K^~~[m[K
[4.867s] [01m[K/root/ros2_ws/src/turtlebot3_ws/src/turtlebot3_Project01/src/navigate_to_tf_target_node.cpp:89:9:[m[K [01;31m[Kerror: [m[Kexpected primary-expression before â€˜[01m[K}[m[Kâ€™ token
[4.867s]    89 |         [01;31m[K}[m[K
[4.867s]       |         [01;31m[K^[m[K
[11.612s] gmake[2]: *** [CMakeFiles/navigate_to_tf_target_node.dir/build.make:76: CMakeFiles/navigate_to_tf_target_node.dir/src/navigate_to_tf_target_node.cpp.o] Error 1
[11.613s] gmake[1]: *** [CMakeFiles/Makefile2:139: CMakeFiles/navigate_to_tf_target_node.dir/all] Error 2
[11.613s] gmake: *** [Makefile:146: all] Error 2
[11.615s] Invoked command in '/root/ros2_ws/src/turtlebot3_ws/src/turtlebot3_Project01/build/turtlebot3_Project01' returned '2': CMAKE_PREFIX_PATH=${CMAKE_PREFIX_PATH}:/root/ros2_ws/install/turtlebot3_teleop:/root/ros2_ws/install/turtlebot3_example:/root/ros2_ws/install/my_turtlebot_config:/opt/ros/humble /usr/bin/cmake --build /root/ros2_ws/src/turtlebot3_ws/src/turtlebot3_Project01/build/turtlebot3_Project01 -- -j8 -l8
